<?xml version="1.0" encoding="UTF-8"?>
<testsuite xmlns:xsi="http://www.w3.org/2001/XMLSchema-instance" xsi:noNamespaceSchemaLocation="https://maven.apache.org/surefire/maven-surefire-plugin/xsd/surefire-test-report-3.0.xsd" version="3.0" name="com.project_employees.ems_backend.EmsBackendApplicationTests" time="8.427" tests="1" errors="0" skipped="0" failures="0">
  <properties>
[...]
</properties>
  <testcase name="contextLoads" classname="com.project_employees.ems_backend.EmsBackendApplicationTests" time="0.376">
    <system-out><![CDATA[13:28:16.652 [main] INFO org.springframework.test.context.support.AnnotationConfigContextLoaderUtils -- Could not detect default configuration classes for test class [com.project_employees.ems_backend.EmsBackendApplicationTests]: EmsBackendApplicationTests does not declare any static, non-private, non-final, nested classes annotated with @Configuration.
13:28:16.865 [main] INFO org.springframework.boot.test.context.SpringBootTestContextBootstrapper -- Found @SpringBootConfiguration com.project_employees.ems_backend.EmsBackendApplication for test class com.project_employees.ems_backend.EmsBackendApplicationTests

  .   ____          _            __ _ _
 /\\ / ___'_ __ _ _(_)_ __  __ _ \ \ \ \
( ( )\___ | '_ | '_| | '_ \/ _` | \ \ \ \
 \\/  ___)| |_)| | | | | || (_| |  ) ) ) )
  '  |____| .__|_| |_|_| |_\__, | / / / /
 =========|_|==============|___/=/_/_/_/

 :: Spring Boot ::                (v3.4.2)

2025-02-16T13:28:18.148-03:00  INFO 8620 --- [           main] m.p.springdotenv.DotenvPropertySource    : Initializing Dotenv with DotenvConfig{directory=null, filename=null, ignoreIfMalformed=false, ignoreIfMissing=true, systemProperties=false, prefix=null}
2025-02-16T13:28:18.233-03:00  INFO 8620 --- [           main] c.p.e.EmsBackendApplicationTests         : Starting EmsBackendApplicationTests using Java 23.0.2 with PID 8620 (started by Usuario in C:\Users\Usuario\Documents\a_backend-java-spring\Nueva carpeta\ems-backend)
2025-02-16T13:28:18.235-03:00  INFO 8620 --- [           main] c.p.e.EmsBackendApplicationTests         : No active profile set, falling back to 1 default profile: "default"
2025-02-16T13:28:19.378-03:00  INFO 8620 --- [           main] .s.d.r.c.RepositoryConfigurationDelegate : Bootstrapping Spring Data JPA repositories in DEFAULT mode.
2025-02-16T13:28:19.458-03:00  INFO 8620 --- [           main] .s.d.r.c.RepositoryConfigurationDelegate : Finished Spring Data repository scanning in 69 ms. Found 1 JPA repository interface.
2025-02-16T13:28:19.891-03:00 DEBUG 8620 --- [           main] com.zaxxer.hikari.HikariConfig           : Driver class com.mysql.cj.jdbc.Driver found in Thread context class loader jdk.internal.loader.ClassLoaders$AppClassLoader@5a07e868
2025-02-16T13:28:20.056-03:00  INFO 8620 --- [           main] o.hibernate.jpa.internal.util.LogHelper  : HHH000204: Processing PersistenceUnitInfo [name: default]
2025-02-16T13:28:20.144-03:00  INFO 8620 --- [           main] org.hibernate.Version                    : HHH000412: Hibernate ORM core version 6.6.5.Final
2025-02-16T13:28:20.198-03:00  INFO 8620 --- [           main] o.h.c.internal.RegionFactoryInitiator    : HHH000026: Second-level cache disabled
2025-02-16T13:28:20.812-03:00  INFO 8620 --- [           main] o.s.o.j.p.SpringPersistenceUnitInfo      : No LoadTimeWeaver setup: ignoring JPA class transformer
2025-02-16T13:28:20.869-03:00 DEBUG 8620 --- [           main] com.zaxxer.hikari.HikariConfig           : HikariPool-1 - configuration:
2025-02-16T13:28:20.879-03:00 DEBUG 8620 --- [           main] com.zaxxer.hikari.HikariConfig           : allowPoolSuspension.............false
2025-02-16T13:28:20.880-03:00 DEBUG 8620 --- [           main] com.zaxxer.hikari.HikariConfig           : autoCommit......................true
2025-02-16T13:28:20.881-03:00 DEBUG 8620 --- [           main] com.zaxxer.hikari.HikariConfig           : catalog.........................none
2025-02-16T13:28:20.881-03:00 DEBUG 8620 --- [           main] com.zaxxer.hikari.HikariConfig           : connectionInitSql...............none
2025-02-16T13:28:20.882-03:00 DEBUG 8620 --- [           main] com.zaxxer.hikari.HikariConfig           : connectionTestQuery.............none
2025-02-16T13:28:20.890-03:00 DEBUG 8620 --- [           main] com.zaxxer.hikari.HikariConfig           : connectionTimeout...............30000
2025-02-16T13:28:20.891-03:00 DEBUG 8620 --- [           main] com.zaxxer.hikari.HikariConfig           : dataSource......................none
2025-02-16T13:28:20.891-03:00 DEBUG 8620 --- [           main] com.zaxxer.hikari.HikariConfig           : dataSourceClassName.............none
2025-02-16T13:28:20.892-03:00 DEBUG 8620 --- [           main] com.zaxxer.hikari.HikariConfig           : dataSourceJNDI..................none
2025-02-16T13:28:20.893-03:00 DEBUG 8620 --- [           main] com.zaxxer.hikari.HikariConfig           : dataSourceProperties............{password=<masked>}
2025-02-16T13:28:20.894-03:00 DEBUG 8620 --- [           main] com.zaxxer.hikari.HikariConfig           : driverClassName................."com.mysql.cj.jdbc.Driver"
2025-02-16T13:28:20.894-03:00 DEBUG 8620 --- [           main] com.zaxxer.hikari.HikariConfig           : exceptionOverrideClassName......none
2025-02-16T13:28:20.895-03:00 DEBUG 8620 --- [           main] com.zaxxer.hikari.HikariConfig           : healthCheckProperties...........{}
2025-02-16T13:28:20.895-03:00 DEBUG 8620 --- [           main] com.zaxxer.hikari.HikariConfig           : healthCheckRegistry.............none
2025-02-16T13:28:20.896-03:00 DEBUG 8620 --- [           main] com.zaxxer.hikari.HikariConfig           : idleTimeout.....................30000
2025-02-16T13:28:20.897-03:00 DEBUG 8620 --- [           main] com.zaxxer.hikari.HikariConfig           : initializationFailTimeout.......1
2025-02-16T13:28:20.898-03:00 DEBUG 8620 --- [           main] com.zaxxer.hikari.HikariConfig           : isolateInternalQueries..........false
2025-02-16T13:28:20.899-03:00 DEBUG 8620 --- [           main] com.zaxxer.hikari.HikariConfig           : jdbcUrl.........................jdbc:mysql://localhost:3306/ems
2025-02-16T13:28:20.899-03:00 DEBUG 8620 --- [           main] com.zaxxer.hikari.HikariConfig           : keepaliveTime...................0
2025-02-16T13:28:20.900-03:00 DEBUG 8620 --- [           main] com.zaxxer.hikari.HikariConfig           : leakDetectionThreshold..........0
2025-02-16T13:28:20.900-03:00 DEBUG 8620 --- [           main] com.zaxxer.hikari.HikariConfig           : maxLifetime.....................1800000
2025-02-16T13:28:20.901-03:00 DEBUG 8620 --- [           main] com.zaxxer.hikari.HikariConfig           : maximumPoolSize.................10
2025-02-16T13:28:20.901-03:00 DEBUG 8620 --- [           main] com.zaxxer.hikari.HikariConfig           : metricRegistry..................none
2025-02-16T13:28:20.901-03:00 DEBUG 8620 --- [           main] com.zaxxer.hikari.HikariConfig           : metricsTrackerFactory...........none
2025-02-16T13:28:20.902-03:00 DEBUG 8620 --- [           main] com.zaxxer.hikari.HikariConfig           : minimumIdle.....................5
2025-02-16T13:28:20.902-03:00 DEBUG 8620 --- [           main] com.zaxxer.hikari.HikariConfig           : password........................<masked>
2025-02-16T13:28:20.902-03:00 DEBUG 8620 --- [           main] com.zaxxer.hikari.HikariConfig           : poolName........................"HikariPool-1"
2025-02-16T13:28:20.902-03:00 DEBUG 8620 --- [           main] com.zaxxer.hikari.HikariConfig           : readOnly........................false
2025-02-16T13:28:20.903-03:00 DEBUG 8620 --- [           main] com.zaxxer.hikari.HikariConfig           : registerMbeans..................false
2025-02-16T13:28:20.903-03:00 DEBUG 8620 --- [           main] com.zaxxer.hikari.HikariConfig           : scheduledExecutor...............none
2025-02-16T13:28:20.904-03:00 DEBUG 8620 --- [           main] com.zaxxer.hikari.HikariConfig           : schema..........................none
2025-02-16T13:28:20.904-03:00 DEBUG 8620 --- [           main] com.zaxxer.hikari.HikariConfig           : threadFactory...................internal
2025-02-16T13:28:20.905-03:00 DEBUG 8620 --- [           main] com.zaxxer.hikari.HikariConfig           : transactionIsolation............"TRANSACTION_READ_COMMITTED"
2025-02-16T13:28:20.905-03:00 DEBUG 8620 --- [           main] com.zaxxer.hikari.HikariConfig           : username........................"root"
2025-02-16T13:28:20.905-03:00 DEBUG 8620 --- [           main] com.zaxxer.hikari.HikariConfig           : validationTimeout...............5000
2025-02-16T13:28:20.906-03:00  INFO 8620 --- [           main] com.zaxxer.hikari.HikariDataSource       : HikariPool-1 - Starting...
2025-02-16T13:28:21.582-03:00  INFO 8620 --- [           main] com.zaxxer.hikari.pool.HikariPool        : HikariPool-1 - Added connection com.mysql.cj.jdbc.ConnectionImpl@3f9f8d23
2025-02-16T13:28:21.588-03:00  INFO 8620 --- [           main] com.zaxxer.hikari.HikariDataSource       : HikariPool-1 - Start completed.
2025-02-16T13:28:21.693-03:00 DEBUG 8620 --- [l-1 housekeeper] com.zaxxer.hikari.pool.HikariPool        : HikariPool-1 - Before cleanup stats (total=1, active=1, idle=0, waiting=0)
2025-02-16T13:28:21.695-03:00  WARN 8620 --- [           main] org.hibernate.orm.deprecation            : HHH90000025: MySQLDialect does not need to be specified explicitly using 'hibernate.dialect' (remove the property setting and it will be selected by default)
2025-02-16T13:28:21.696-03:00 DEBUG 8620 --- [l-1 housekeeper] com.zaxxer.hikari.pool.HikariPool        : HikariPool-1 - After cleanup  stats (total=1, active=1, idle=0, waiting=0)
2025-02-16T13:28:21.737-03:00 DEBUG 8620 --- [onnection adder] com.zaxxer.hikari.pool.HikariPool        : HikariPool-1 - Added connection com.mysql.cj.jdbc.ConnectionImpl@45830dd7
2025-02-16T13:28:21.751-03:00  INFO 8620 --- [           main] org.hibernate.orm.connections.pooling    : HHH10001005: Database info:
	Database JDBC URL [Connecting through datasource 'HikariDataSource (HikariPool-1)']
	Database driver: undefined/unknown
	Database version: 8.0.40
	Autocommit mode: undefined/unknown
	Isolation level: undefined/unknown
	Minimum pool size: undefined/unknown
	Maximum pool size: undefined/unknown
2025-02-16T13:28:21.769-03:00 DEBUG 8620 --- [onnection adder] com.zaxxer.hikari.pool.HikariPool        : HikariPool-1 - After adding stats (total=2, active=0, idle=2, waiting=0)
2025-02-16T13:28:21.797-03:00 DEBUG 8620 --- [onnection adder] com.zaxxer.hikari.pool.HikariPool        : HikariPool-1 - Added connection com.mysql.cj.jdbc.ConnectionImpl@68408726
2025-02-16T13:28:21.830-03:00 DEBUG 8620 --- [onnection adder] com.zaxxer.hikari.pool.HikariPool        : HikariPool-1 - After adding stats (total=3, active=0, idle=3, waiting=0)
2025-02-16T13:28:21.859-03:00 DEBUG 8620 --- [onnection adder] com.zaxxer.hikari.pool.HikariPool        : HikariPool-1 - Added connection com.mysql.cj.jdbc.ConnectionImpl@10e41c34
2025-02-16T13:28:21.892-03:00 DEBUG 8620 --- [onnection adder] com.zaxxer.hikari.pool.HikariPool        : HikariPool-1 - After adding stats (total=4, active=0, idle=4, waiting=0)
2025-02-16T13:28:21.942-03:00 DEBUG 8620 --- [onnection adder] com.zaxxer.hikari.pool.HikariPool        : HikariPool-1 - Added connection com.mysql.cj.jdbc.ConnectionImpl@8042aa0
2025-02-16T13:28:21.985-03:00 DEBUG 8620 --- [onnection adder] com.zaxxer.hikari.pool.HikariPool        : HikariPool-1 - After adding stats (total=5, active=0, idle=5, waiting=0)
2025-02-16T13:28:21.985-03:00 DEBUG 8620 --- [onnection adder] com.zaxxer.hikari.pool.HikariPool        : HikariPool-1 - Connection not added, stats (total=5, active=0, idle=5, waiting=0)
2025-02-16T13:28:22.831-03:00  INFO 8620 --- [           main] o.h.e.t.j.p.i.JtaPlatformInitiator       : HHH000489: No JTA platform available (set 'hibernate.transaction.jta.platform' to enable JTA platform integration)
2025-02-16T13:28:22.891-03:00  INFO 8620 --- [           main] j.LocalContainerEntityManagerFactoryBean : Initialized JPA EntityManagerFactory for persistence unit 'default'
2025-02-16T13:28:23.565-03:00  WARN 8620 --- [           main] JpaBaseConfiguration$JpaWebConfiguration : spring.jpa.open-in-view is enabled by default. Therefore, database queries may be performed during view rendering. Explicitly configure spring.jpa.open-in-view to disable this warning
2025-02-16T13:28:24.338-03:00  INFO 8620 --- [           main] c.p.e.EmsBackendApplicationTests         : Started EmsBackendApplicationTests in 6.93 seconds (process running for 9.903)
]]></system-out>
  </testcase>
</testsuite>